<?xml version="1.0" encoding="UTF-8"?>
<!-- Generated by org.testng.reporters.JUnitXMLReporter -->
<testsuite ignored="8" hostname="DESKTOP-U6CHUTS" failures="1" tests="11" name="Test" time="25.876" errors="0" timestamp="2024-03-06T15:42:49 IST">
  <testcase classname="com.shopnow.qa.testcases.TC_HomePageTest" name="verifyHomePageLogoDisplayed" time="0.063"/>
  <testcase classname="com.shopnow.qa.testcases.TC_HomePageTest" name="verifyHomePageTitle" time="0.017"/>
  <testcase classname="com.shopnow.qa.testcases.TC_HomePageTest" name="verifyHomePageUrl" time="0.008"/>
  <testcase classname="com.shopnow.qa.testcases.TC_HomePageTest" name="enterItemOnSearchTextField" time="2.323"/>
  <testcase classname="com.shopnow.qa.testcases.TC_LaptopSearchPageTest" name="verifySearchPageTitle" time="0.057"/>
  <testcase classname="com.shopnow.qa.testcases.TC_LaptopSearchPageTest" name="addToCart" time="0.255"/>
  <testcase classname="com.shopnow.qa.testcases.TC_ProductPageTest" name="clickOnAddToCart" time="2.944"/>
  <testcase classname="com.shopnow.qa.testcases.TC_ShoppingCartPageTest" name="verifyShoppingCartPageTitle" time="0.03"/>
  <testcase classname="com.shopnow.qa.testcases.TC_ShoppingCartPageTest" name="verifyProductInShoppingCart" time="0.2"/>
  <testcase classname="com.shopnow.qa.testcases.TC_ShoppingCartPageTest" name="clickOnPlaceOrder" time="1.242"/>
  <testcase classname="com.shopnow.qa.testcases.TC_SecurePaymentPageTest" name="fillCheckoutSection" time="18.65">
    <failure type="org.openqa.selenium.NoSuchElementException" message="Unable to find element with locator By.xpath: //button[text()=&amp;apos;Deliver Here&amp;apos;]
For documentation on this error, please visit: https://www.selenium.dev/documentation/webdriver/troubleshooting/errors#no-such-element-exception
Build info: version: &amp;apos;4.13.0&amp;apos;, revision: &amp;apos;ba948ece5b*&amp;apos;
System info: os.name: &amp;apos;Windows 10&amp;apos;, os.arch: &amp;apos;amd64&amp;apos;, os.version: &amp;apos;10.0&amp;apos;, java.version: &amp;apos;17.0.9&amp;apos;
Driver info: driver.version: RemoteWebDriver">
      <![CDATA[org.openqa.selenium.NoSuchElementException: Unable to find element with locator By.xpath: //button[text()='Deliver Here']
For documentation on this error, please visit: https://www.selenium.dev/documentation/webdriver/troubleshooting/errors#no-such-element-exception
Build info: version: '4.13.0', revision: 'ba948ece5b*'
System info: os.name: 'Windows 10', os.arch: 'amd64', os.version: '10.0', java.version: '17.0.9'
Driver info: driver.version: RemoteWebDriver
at org.openqa.selenium.remote.ElementLocation$ElementFinder$2.findElement(ElementLocation.java:168)
at org.openqa.selenium.remote.ElementLocation.findElement(ElementLocation.java:59)
at org.openqa.selenium.remote.RemoteWebDriver.findElement(RemoteWebDriver.java:359)
at org.openqa.selenium.remote.RemoteWebDriver.findElement(RemoteWebDriver.java:353)
at org.openqa.selenium.support.pagefactory.DefaultElementLocator.findElement(DefaultElementLocator.java:68)
at org.openqa.selenium.support.pagefactory.internal.LocatingElementHandler.invoke(LocatingElementHandler.java:38)
at jdk.proxy2/jdk.proxy2.$Proxy19.click(Unknown Source)
at com.shopnow.qa.pageobject.SecurePaymentPage.clickOnDeliverHereButton(SecurePaymentPage.java:57)
at com.shopnow.qa.testcases.TC_SecurePaymentPageTest.fillCheckoutSection(TC_SecurePaymentPageTest.java:22)
at java.base/java.util.ArrayList.forEach(ArrayList.java:1511)
... Removed 27 stack frames]]>
    </failure>
  </testcase> <!-- fillCheckoutSection -->
  <testcase classname="com.shopnow.qa.testcases.BaseTest" name="@BeforeSuite setUp" time="0.0">
    <ignored/>
  </testcase> <!-- @BeforeSuite setUp -->
  <testcase classname="com.shopnow.qa.testcases.BaseTest" name="@BeforeSuite setUp" time="0.0">
    <ignored/>
  </testcase> <!-- @BeforeSuite setUp -->
  <testcase classname="com.shopnow.qa.testcases.BaseTest" name="@BeforeSuite setUp" time="0.0">
    <ignored/>
  </testcase> <!-- @BeforeSuite setUp -->
  <testcase classname="com.shopnow.qa.testcases.BaseTest" name="@BeforeSuite setUp" time="0.0">
    <ignored/>
  </testcase> <!-- @BeforeSuite setUp -->
  <testcase classname="com.shopnow.qa.testcases.BaseTest" name="@AfterSuite tearDown" time="0.0">
    <ignored/>
  </testcase> <!-- @AfterSuite tearDown -->
  <testcase classname="com.shopnow.qa.testcases.BaseTest" name="@AfterSuite tearDown" time="0.0">
    <ignored/>
  </testcase> <!-- @AfterSuite tearDown -->
  <testcase classname="com.shopnow.qa.testcases.BaseTest" name="@AfterSuite tearDown" time="0.0">
    <ignored/>
  </testcase> <!-- @AfterSuite tearDown -->
  <testcase classname="com.shopnow.qa.testcases.BaseTest" name="@AfterSuite tearDown" time="0.0">
    <ignored/>
  </testcase> <!-- @AfterSuite tearDown -->
</testsuite> <!-- Test -->
